2020-04-04 17:45:30: -- 分析开始 On File Change First Full Analyze Upon File Monitoring Start, Under Runner
2020-04-04 17:45:30: 变更：17， 冲突：0， 复制时间：0， 复制状态：0， 错误： 0, All: 90
2020-04-04 17:45:30: Left to Right: Copy File: 17 
2020-04-04 17:45:30: == 同步开始由 On File Change First Full Analyze Upon File Monitoring Start, Under Runner
2020-04-04 17:45:30: 创建文件夹 '/Users/holoslee/Dropbox/Documents/personal_wiki/docs/时光笔记'
2020-04-04 17:45:30: 新建复制 '/Users/holoslee/Dropbox/Documents/Typora/时光笔记/Journal 2019-01.md' -> '/Users/holoslee/Dropbox/Documents/personal_wiki/docs/时光笔记/Journal 2019-01.md' (3,988)
2020-04-04 17:45:30: 新建复制 '/Users/holoslee/Dropbox/Documents/Typora/时光笔记/Journal 2019-02.md' -> '/Users/holoslee/Dropbox/Documents/personal_wiki/docs/时光笔记/Journal 2019-02.md' (3,024)
2020-04-04 17:45:30: 新建复制 '/Users/holoslee/Dropbox/Documents/Typora/时光笔记/Journal 2019-03.md' -> '/Users/holoslee/Dropbox/Documents/personal_wiki/docs/时光笔记/Journal 2019-03.md' (9,185)
2020-04-04 17:45:30: 新建复制 '/Users/holoslee/Dropbox/Documents/Typora/时光笔记/Journal 2019-04.md' -> '/Users/holoslee/Dropbox/Documents/personal_wiki/docs/时光笔记/Journal 2019-04.md' (21,279)
2020-04-04 17:45:30: 新建复制 '/Users/holoslee/Dropbox/Documents/Typora/时光笔记/Journal 2019-05.md' -> '/Users/holoslee/Dropbox/Documents/personal_wiki/docs/时光笔记/Journal 2019-05.md' (7,112)
2020-04-04 17:45:30: 新建复制 '/Users/holoslee/Dropbox/Documents/Typora/时光笔记/Journal 2019-06.md' -> '/Users/holoslee/Dropbox/Documents/personal_wiki/docs/时光笔记/Journal 2019-06.md' (3,653)
2020-04-04 17:45:30: 新建复制 '/Users/holoslee/Dropbox/Documents/Typora/时光笔记/Journal 2019-07.md' -> '/Users/holoslee/Dropbox/Documents/personal_wiki/docs/时光笔记/Journal 2019-07.md' (8,094)
2020-04-04 17:45:30: 新建复制 '/Users/holoslee/Dropbox/Documents/Typora/时光笔记/Journal 2019-08.md' -> '/Users/holoslee/Dropbox/Documents/personal_wiki/docs/时光笔记/Journal 2019-08.md' (15,381)
2020-04-04 17:45:30: 新建复制 '/Users/holoslee/Dropbox/Documents/Typora/时光笔记/Journal 2019-09.md' -> '/Users/holoslee/Dropbox/Documents/personal_wiki/docs/时光笔记/Journal 2019-09.md' (19,031)
2020-04-04 17:45:30: 新建复制 '/Users/holoslee/Dropbox/Documents/Typora/时光笔记/Journal 2019-10.md' -> '/Users/holoslee/Dropbox/Documents/personal_wiki/docs/时光笔记/Journal 2019-10.md' (46,504)
2020-04-04 17:45:30: 新建复制 '/Users/holoslee/Dropbox/Documents/Typora/时光笔记/Journal 2019-11.md' -> '/Users/holoslee/Dropbox/Documents/personal_wiki/docs/时光笔记/Journal 2019-11.md' (30,025)
2020-04-04 17:45:30: 新建复制 '/Users/holoslee/Dropbox/Documents/Typora/时光笔记/Journal 2019-12.md' -> '/Users/holoslee/Dropbox/Documents/personal_wiki/docs/时光笔记/Journal 2019-12.md' (9,058)
2020-04-04 17:45:30: 新建复制 '/Users/holoslee/Dropbox/Documents/Typora/时光笔记/Journal 2020-01.md' -> '/Users/holoslee/Dropbox/Documents/personal_wiki/docs/时光笔记/Journal 2020-01.md' (9,091)
2020-04-04 17:45:30: 新建复制 '/Users/holoslee/Dropbox/Documents/Typora/时光笔记/Journal 2020-02.md' -> '/Users/holoslee/Dropbox/Documents/personal_wiki/docs/时光笔记/Journal 2020-02.md' (46,905)
2020-04-04 17:45:30: 新建复制 '/Users/holoslee/Dropbox/Documents/Typora/时光笔记/Journal-2020-03.md' -> '/Users/holoslee/Dropbox/Documents/personal_wiki/docs/时光笔记/Journal-2020-03.md' (81,171)
2020-04-04 17:45:30: 新建复制 '/Users/holoslee/Dropbox/Documents/Typora/时光笔记/Journal-2020-04.md' -> '/Users/holoslee/Dropbox/Documents/personal_wiki/docs/时光笔记/Journal-2020-04.md' (9,852)
2020-04-04 17:45:30: == 同步完成. 历时: 00:00:00, 速度: 0.0/s, 完成: 17, 错误: 0
2020-04-04 17:45:30: 
